build/app/intermediates/manifest_merge_blame_file/release/manifest-merger-blame-release-report.txt
1<?xml version="1.0" encoding="utf-8"?>
2<manifest xmlns:android="http://schemas.android.com/apk/res/android"
3    package="com.example.soleh"
4    android:versionCode="1"
5    android:versionName="0.1.0" >
6
7    <uses-sdk
8        android:minSdkVersion="20"
8-->src\main\AndroidManifest.xml
9        android:targetSdkVersion="33" />
9-->src\main\AndroidManifest.xml
10    <!--
11         Required to query activities that can process text, see:
12         https://developer.android.com/training/package-visibility?hl=en and
13         https://developer.android.com/reference/android/content/Intent#ACTION_PROCESS_TEXT.
14
15         In particular, this is used by the Flutter engine in io.flutter.plugin.text.ProcessTextPlugin.
16    -->
17    <queries>
17-->src\main\AndroidManifest.xml:38:5-43:15
18        <intent>
18-->src\main\AndroidManifest.xml:39:9-42:18
19            <action android:name="android.intent.action.PROCESS_TEXT" />
19-->src\main\AndroidManifest.xml:40:13-72
19-->src\main\AndroidManifest.xml:40:21-70
20
21            <data android:mimeType="text/plain" />
21-->src\main\AndroidManifest.xml:41:13-50
21-->src\main\AndroidManifest.xml:41:19-48
22        </intent>
23        <!-- Needs to be explicitly declared on Android R+ -->
24        <package android:name="com.google.android.apps.maps" />
24-->[com.google.android.gms:play-services-maps:18.2.0] AndroidManifest.xml:33:9-64
24-->[com.google.android.gms:play-services-maps:18.2.0] AndroidManifest.xml:33:18-61
25    </queries>
26
27    <uses-permission android:name="android.permission.ACCESS_COARSE_LOCATION" />
27-->[:location] AndroidManifest.xml:9:5-81
27-->[:location] AndroidManifest.xml:9:22-78
28    <uses-permission android:name="android.permission.ACCESS_FINE_LOCATION" /> <!-- Include required permissions for Google Maps API to run. -->
28-->[:location] AndroidManifest.xml:10:5-79
28-->[:location] AndroidManifest.xml:10:22-76
29    <uses-permission android:name="android.permission.ACCESS_NETWORK_STATE" />
29-->[com.google.android.gms:play-services-maps:18.2.0] AndroidManifest.xml:23:5-79
29-->[com.google.android.gms:play-services-maps:18.2.0] AndroidManifest.xml:23:22-76
30    <uses-permission android:name="android.permission.INTERNET" />
30-->[com.google.android.gms:play-services-maps:18.2.0] AndroidManifest.xml:24:5-67
30-->[com.google.android.gms:play-services-maps:18.2.0] AndroidManifest.xml:24:22-64
31
32    <uses-feature
32-->[com.google.android.gms:play-services-maps:18.2.0] AndroidManifest.xml:26:5-28:35
33        android:glEsVersion="0x00020000"
33-->[com.google.android.gms:play-services-maps:18.2.0] AndroidManifest.xml:27:9-41
34        android:required="true" />
34-->[com.google.android.gms:play-services-maps:18.2.0] AndroidManifest.xml:28:9-32
35
36    <permission
36-->[androidx.core:core:1.10.1] AndroidManifest.xml:22:5-24:47
37        android:name="com.example.soleh.DYNAMIC_RECEIVER_NOT_EXPORTED_PERMISSION"
37-->[androidx.core:core:1.10.1] AndroidManifest.xml:23:9-81
38        android:protectionLevel="signature" />
38-->[androidx.core:core:1.10.1] AndroidManifest.xml:24:9-44
39
40    <uses-permission android:name="com.example.soleh.DYNAMIC_RECEIVER_NOT_EXPORTED_PERMISSION" />
40-->[androidx.core:core:1.10.1] AndroidManifest.xml:26:5-97
40-->[androidx.core:core:1.10.1] AndroidManifest.xml:26:22-94
41
42    <application
43        android:name="android.app.Application"
43-->src\main\AndroidManifest.xml:4:9-42
44        android:appComponentFactory="androidx.core.app.CoreComponentFactory"
44-->[androidx.core:core:1.10.1] AndroidManifest.xml:28:18-86
45        android:icon="@mipmap/ic_launcher"
45-->src\main\AndroidManifest.xml:5:9-43
46        android:label="soleh" >
46-->src\main\AndroidManifest.xml:3:9-30
47        <activity
47-->src\main\AndroidManifest.xml:6:9-26:20
48            android:name="com.example.soleh.MainActivity"
48-->src\main\AndroidManifest.xml:7:13-41
49            android:configChanges="orientation|keyboardHidden|keyboard|screenSize|smallestScreenSize|locale|layoutDirection|fontScale|screenLayout|density|uiMode"
49-->src\main\AndroidManifest.xml:11:13-163
50            android:exported="true"
50-->src\main\AndroidManifest.xml:8:13-36
51            android:hardwareAccelerated="true"
51-->src\main\AndroidManifest.xml:12:13-47
52            android:launchMode="singleTop"
52-->src\main\AndroidManifest.xml:9:13-43
53            android:theme="@style/LaunchTheme"
53-->src\main\AndroidManifest.xml:10:13-47
54            android:windowSoftInputMode="adjustResize" >
54-->src\main\AndroidManifest.xml:13:13-55
55
56            <!--
57                 Specifies an Android theme to apply to this Activity as soon as
58                 the Android process has started. This theme is visible to the user
59                 while the Flutter UI initializes. After that, this theme continues
60                 to determine the Window background behind the Flutter UI.
61            -->
62            <meta-data
62-->src\main\AndroidManifest.xml:18:13-21:17
63                android:name="io.flutter.embedding.android.NormalTheme"
63-->src\main\AndroidManifest.xml:19:15-70
64                android:resource="@style/NormalTheme" />
64-->src\main\AndroidManifest.xml:20:15-52
65
66            <intent-filter>
66-->src\main\AndroidManifest.xml:22:13-25:29
67                <action android:name="android.intent.action.MAIN" />
67-->src\main\AndroidManifest.xml:23:17-68
67-->src\main\AndroidManifest.xml:23:25-66
68
69                <category android:name="android.intent.category.LAUNCHER" />
69-->src\main\AndroidManifest.xml:24:17-76
69-->src\main\AndroidManifest.xml:24:27-74
70            </intent-filter>
71        </activity>
72        <!--
73             Don't delete the meta-data below.
74             This is used by the Flutter tool to generate GeneratedPluginRegistrant.java
75        -->
76        <meta-data
76-->src\main\AndroidManifest.xml:29:9-31:33
77            android:name="flutterEmbedding"
77-->src\main\AndroidManifest.xml:30:13-44
78            android:value="2" />
78-->src\main\AndroidManifest.xml:31:13-30
79
80        <service
80-->[:geolocator_android] AndroidManifest.xml:10:9-14:56
81            android:name="com.baseflow.geolocator.GeolocatorLocationService"
81-->[:geolocator_android] AndroidManifest.xml:11:13-77
82            android:enabled="true"
82-->[:geolocator_android] AndroidManifest.xml:12:13-35
83            android:exported="false"
83-->[:geolocator_android] AndroidManifest.xml:13:13-37
84            android:foregroundServiceType="location" />
84-->[:geolocator_android] AndroidManifest.xml:14:13-53
85
86        <activity
86-->[:url_launcher_android] AndroidManifest.xml:10:9-13:74
87            android:name="io.flutter.plugins.urllauncher.WebViewActivity"
87-->[:url_launcher_android] AndroidManifest.xml:11:13-74
88            android:exported="false"
88-->[:url_launcher_android] AndroidManifest.xml:12:13-37
89            android:theme="@android:style/Theme.NoTitleBar.Fullscreen" />
89-->[:url_launcher_android] AndroidManifest.xml:13:13-71
90
91        <service
91-->[:location] AndroidManifest.xml:13:9-17:56
92            android:name="com.lyokone.location.FlutterLocationService"
92-->[:location] AndroidManifest.xml:14:13-71
93            android:enabled="true"
93-->[:location] AndroidManifest.xml:15:13-35
94            android:exported="false"
94-->[:location] AndroidManifest.xml:16:13-37
95            android:foregroundServiceType="location" />
95-->[:location] AndroidManifest.xml:17:13-53
96
97        <uses-library
97-->[androidx.window:window:1.0.0-beta04] AndroidManifest.xml:25:9-27:40
98            android:name="androidx.window.extensions"
98-->[androidx.window:window:1.0.0-beta04] AndroidManifest.xml:26:13-54
99            android:required="false" />
99-->[androidx.window:window:1.0.0-beta04] AndroidManifest.xml:27:13-37
100        <uses-library
100-->[androidx.window:window:1.0.0-beta04] AndroidManifest.xml:28:9-30:40
101            android:name="androidx.window.sidecar"
101-->[androidx.window:window:1.0.0-beta04] AndroidManifest.xml:29:13-51
102            android:required="false" /> <!-- Needs to be explicitly declared on P+ -->
102-->[androidx.window:window:1.0.0-beta04] AndroidManifest.xml:30:13-37
103        <uses-library
103-->[com.google.android.gms:play-services-maps:18.2.0] AndroidManifest.xml:39:9-41:40
104            android:name="org.apache.http.legacy"
104-->[com.google.android.gms:play-services-maps:18.2.0] AndroidManifest.xml:40:13-50
105            android:required="false" />
105-->[com.google.android.gms:play-services-maps:18.2.0] AndroidManifest.xml:41:13-37
106
107        <activity
107-->[com.google.android.gms:play-services-base:18.1.0] AndroidManifest.xml:20:9-22:45
108            android:name="com.google.android.gms.common.api.GoogleApiActivity"
108-->[com.google.android.gms:play-services-base:18.1.0] AndroidManifest.xml:20:19-85
109            android:exported="false"
109-->[com.google.android.gms:play-services-base:18.1.0] AndroidManifest.xml:22:19-43
110            android:theme="@android:style/Theme.Translucent.NoTitleBar" />
110-->[com.google.android.gms:play-services-base:18.1.0] AndroidManifest.xml:21:19-78
111
112        <meta-data
112-->[com.google.android.gms:play-services-basement:18.1.0] AndroidManifest.xml:21:9-23:69
113            android:name="com.google.android.gms.version"
113-->[com.google.android.gms:play-services-basement:18.1.0] AndroidManifest.xml:22:13-58
114            android:value="@integer/google_play_services_version" />
114-->[com.google.android.gms:play-services-basement:18.1.0] AndroidManifest.xml:23:13-66
115    </application>
116
117</manifest>